  Test1.cpp
  Test2.cpp
  Test3.cpp
  正在生成代码...
E:\code\cpp_practice\T21_3_4\T21_3_4\Test3.cpp(70): error C4700: 使用了未初始化的局部变量“day”
E:\code\cpp_practice\T21_3_4\T21_3_4\Test3.cpp(70): error C4700: 使用了未初始化的局部变量“month”
E:\code\cpp_practice\T21_3_4\T21_3_4\Test3.cpp(70): error C4700: 使用了未初始化的局部变量“year”
